<?xml version="1.0" encoding="UTF-8" standalone="no"?><testsuite errors="0" failures="1" name="Shopping flow in YourStore" skipped="0" tests="1" time="148.08" timestamp="2025-08-27 04:50:58"><testcase name="Complete shopping flow end-to-end"><failure message="&#13;&#10;Expected: an element that is clickable&#13;&#10;     but: no matching element found by [Continue after delivery address located with: //input[@id='button-shipping-address' or @id='button-shipping'] | //button[contains(.,'Continue') and contains(@onclick,'shipping')]] was not clicked" type="java.lang.AssertionError">&#13;
Expected: an element that is clickable&#13;
     but: no matching element found by [Continue after delivery address located with: //input[@id='button-shipping-address' or @id='button-shipping'] | //button[contains(.,'Continue') and contains(@onclick,'shipping')]] was not clicked</failure><system-err>&#13;
Expected: an element that is clickable&#13;
     but: no matching element found by [Continue after delivery address located with: //input[@id='button-shipping-address' or @id='button-shipping'] | //button[contains(.,'Continue') and contains(@onclick,'shipping')]] was not clicked&#13;
com.yourstore.automation.tasks.CompleteCheckout.performAs(CompleteCheckout.java:22)&#13;
com.yourstore.automation.stepdefinitions.ShoppingSteps.completesCheckout(ShoppingSteps.java:77)&#13;
io.cucumber.java.Invoker.doInvoke(Invoker.java:66)&#13;
io.cucumber.java.Invoker.invoke(Invoker.java:24)&#13;
io.cucumber.java.AbstractGlueDefinition.invokeMethod(AbstractGlueDefinition.java:47)&#13;
io.cucumber.java.JavaStepDefinition.execute(JavaStepDefinition.java:29)&#13;
io.cucumber.core.runner.CoreStepDefinition.execute(CoreStepDefinition.java:66)&#13;
io.cucumber.core.runner.PickleStepDefinitionMatch.runStep(PickleStepDefinitionMatch.java:63)&#13;
io.cucumber.core.runner.TestStep.executeStep(TestStep.java:84)&#13;
io.cucumber.core.runner.TestStep.run(TestStep.java:56)&#13;
io.cucumber.core.runner.PickleStepTestStep.run(PickleStepTestStep.java:51)&#13;
io.cucumber.core.runner.TestCase.run(TestCase.java:84)&#13;
io.cucumber.core.runner.Runner.runPickle(Runner.java:75)&#13;
io.cucumber.core.runtime.CucumberExecutionContext.lambda$runTestCase$5(CucumberExecutionContext.java:137)&#13;
io.cucumber.core.runtime.RethrowingThrowableCollector.executeAndThrow(RethrowingThrowableCollector.java:23)&#13;
io.cucumber.core.runtime.CucumberExecutionContext.runTestCase(CucumberExecutionContext.java:137)&#13;
io.cucumber.junit.FeatureRunner.runChild(FeatureRunner.java:144)&#13;
io.cucumber.junit.FeatureRunner.runChild(FeatureRunner.java:28)&#13;
io.cucumber.junit.FeatureRunner.run(FeatureRunner.java:137)&#13;
io.cucumber.junit.CucumberSerenityBaseRunner.runChild(CucumberSerenityBaseRunner.java:330)&#13;
io.cucumber.junit.CucumberSerenityBaseRunner.runChild(CucumberSerenityBaseRunner.java:51)&#13;
worker.org.gradle.process.internal.worker.GradleWorkerMain.run(GradleWorkerMain.java:69)&#13;
worker.org.gradle.process.internal.worker.GradleWorkerMain.main(GradleWorkerMain.java:74)&#13;
</system-err></testcase></testsuite>